2025-01-28 12:07:30,326 - INFO - Starting security checks...
2025-01-28 12:07:30,330 - ERROR - Error checking dependencies: [WinError 2] The system cannot find the file specified
2025-01-28 12:07:30,422 - ERROR - Error checking secrets: Command '['git', 'secrets', '--scan']' returned non-zero exit status 1.
2025-01-28 12:07:30,473 - ERROR - Error checking configurations: 'charmap' codec can't decode byte 0x90 in position 46841: character maps to <undefined>
2025-01-28 12:07:59,353 - INFO - Security checks completed in 29.03 seconds
2025-01-28 12:09:58,280 - INFO - Starting security checks...
2025-01-28 12:10:08,127 - ERROR - Error checking dependencies: [WinError 2] The system cannot find the file specified
2025-01-28 12:10:09,064 - ERROR - Error checking secrets: [WinError 2] The system cannot find the file specified
2025-01-28 12:10:09,108 - ERROR - Error checking configurations: 'charmap' codec can't decode byte 0x90 in position 46841: character maps to <undefined>
2025-01-28 12:10:38,529 - INFO - Security checks completed in 40.25 seconds
2025-01-28 12:14:25,768 - INFO - Starting security checks...
2025-01-28 12:14:34,192 - ERROR - Error checking dependencies: 'NoneType' object has no attribute 'splitlines'
2025-01-28 12:23:06,297 - INFO - Starting security checks...
2025-01-28 12:23:14,744 - ERROR - Error checking dependencies: 'NoneType' object has no attribute 'splitlines'
2025-01-28 12:23:57,679 - INFO - Starting security checks...
2025-01-28 12:24:05,659 - ERROR - Error running npm audit: [WinError 2] The system cannot find the file specified
2025-01-28 12:36:50,246 - INFO - Security checks completed in 772.57 seconds
2025-01-28 22:25:06,535 - INFO - Starting security checks...
2025-01-28 22:25:17,335 - ERROR - Error running npm audit: [WinError 2] The system cannot find the file specified
2025-01-28 22:25:55,534 - INFO - Security checks completed in 49.00 seconds
2025-01-28 22:26:40,182 - INFO - Starting security checks...
2025-01-28 22:26:49,202 - ERROR - Error running npm audit: [WinError 2] The system cannot find the file specified
2025-01-28 22:27:28,681 - INFO - Security checks completed in 48.50 seconds
2025-01-28 22:28:17,083 - INFO - Starting security checks...
2025-01-28 22:28:25,926 - ERROR - Error running npm audit: [WinError 2] The system cannot find the file specified
2025-01-28 22:29:05,320 - INFO - Security checks completed in 48.24 seconds
2025-01-28 22:30:02,052 - INFO - Starting security checks...
2025-01-28 22:30:11,651 - ERROR - Error running npm audit: [WinError 2] The system cannot find the file specified
2025-01-28 22:30:51,409 - INFO - Security checks completed in 49.36 seconds
2025-01-28 22:33:02,282 - INFO - Starting security checks...
2025-01-28 22:33:11,383 - ERROR - Error running npm audit: [WinError 2] The system cannot find the file specified
2025-01-28 22:33:51,354 - INFO - Security checks completed in 49.07 seconds
2025-01-28 22:36:21,193 - INFO - Starting security checks...
2025-01-28 22:36:30,907 - ERROR - Error running npm audit: [WinError 2] The system cannot find the file specified
2025-01-28 22:37:10,651 - INFO - Security checks completed in 49.46 seconds
2025-01-28 22:38:27,317 - INFO - Starting security checks...
2025-01-28 22:38:38,019 - ERROR - Error running npm audit: [WinError 2] The system cannot find the file specified
2025-01-28 22:39:16,862 - INFO - Security checks completed in 49.55 seconds
2025-01-28 22:57:44,889 - INFO - Starting security checks...
2025-01-28 22:57:54,249 - ERROR - Error running npm audit: [WinError 2] The system cannot find the file specified
2025-01-28 22:58:34,345 - INFO - Security checks completed in 49.46 seconds
2025-01-28 23:00:51,627 - INFO - Starting security checks...
2025-01-28 23:01:01,126 - ERROR - Error running npm audit: [WinError 2] The system cannot find the file specified
2025-01-28 23:01:41,118 - INFO - Security checks completed in 49.49 seconds
2025-01-28 23:03:36,899 - INFO - Starting security checks...
2025-01-28 23:03:46,056 - ERROR - Error running npm audit: [WinError 2] The system cannot find the file specified
2025-01-28 23:04:03,264 - INFO - Security checks completed in 26.36 seconds
2025-01-28 23:06:12,014 - INFO - Starting security checks...
2025-01-28 23:06:21,724 - ERROR - Error running npm audit: [WinError 2] The system cannot find the file specified
2025-01-28 23:06:37,732 - INFO - Security checks completed in 25.72 seconds
2025-01-28 23:13:44,540 - INFO - Starting security checks...
2025-01-28 23:13:53,779 - ERROR - Error running npm audit: [WinError 2] The system cannot find the file specified
2025-01-28 23:14:09,395 - INFO - Security checks completed in 24.85 seconds
2025-01-28 23:15:45,635 - INFO - Starting security checks...
2025-01-28 23:15:54,768 - ERROR - Error running npm audit: [WinError 2] The system cannot find the file specified
2025-01-28 23:16:10,455 - INFO - Security checks completed in 24.82 seconds
2025-01-28 23:18:36,234 - INFO - Starting security checks...
2025-01-28 23:18:44,690 - ERROR - Error running npm audit: [WinError 2] The system cannot find the file specified
2025-01-28 23:18:59,925 - INFO - Security checks completed in 23.69 seconds
2025-01-28 23:20:34,356 - INFO - Starting security checks...
2025-01-28 23:20:43,126 - ERROR - Error running npm audit: [WinError 2] The system cannot find the file specified
2025-01-28 23:20:58,490 - INFO - Security checks completed in 24.13 seconds
2025-01-28 23:22:31,439 - INFO - Starting security checks...
2025-01-28 23:22:40,847 - ERROR - Error running npm audit: [WinError 2] The system cannot find the file specified
2025-01-28 23:22:56,459 - INFO - Security checks completed in 25.02 seconds
2025-01-29 02:56:44,829 - INFO - Starting security checks...
2025-01-29 02:56:52,785 - ERROR - Error running npm audit: [WinError 2] The system cannot find the file specified
2025-01-29 02:57:09,601 - INFO - Security checks completed in 24.77 seconds
2025-01-29 02:58:58,277 - INFO - Starting security checks...
2025-01-29 02:58:58,282 - ERROR - Error running npm audit: [WinError 2] The system cannot find the file specified
2025-01-29 02:59:10,258 - INFO - Security checks completed in 0.00 seconds
2025-01-29 03:01:39,549 - INFO - Starting security checks...
2025-01-29 03:01:39,555 - ERROR - Error running npm audit: [WinError 2] The system cannot find the file specified
2025-01-29 03:01:55,825 - INFO - Security checks completed in 0.00 seconds
2025-01-29 03:03:33,316 - INFO - Starting security checks...
2025-01-29 03:03:33,321 - ERROR - Error running npm audit: [WinError 2] The system cannot find the file specified
2025-01-29 03:03:45,616 - INFO - Security checks completed in 0.00 seconds
2025-01-29 03:05:21,928 - INFO - Starting security checks...
2025-01-29 03:05:21,933 - ERROR - Error running npm audit: [WinError 2] The system cannot find the file specified
2025-01-29 03:05:34,374 - INFO - Security checks completed in 0.00 seconds
2025-01-29 03:08:55,311 - INFO - Starting security checks...
2025-01-29 03:08:55,315 - ERROR - Error running npm audit: [WinError 2] The system cannot find the file specified
2025-01-29 03:09:07,367 - INFO - Security checks completed in 0.00 seconds
2025-01-29 03:09:54,273 - INFO - Starting security checks...
2025-01-29 03:09:54,278 - ERROR - Error running npm audit: [WinError 2] The system cannot find the file specified
2025-01-29 03:10:05,981 - INFO - Security checks completed in 0.00 seconds
2025-01-29 03:11:05,398 - INFO - Starting security checks...
2025-01-29 03:11:05,403 - ERROR - Error running npm audit: [WinError 2] The system cannot find the file specified
2025-01-29 03:11:17,564 - INFO - Security checks completed in 0.00 seconds
2025-01-29 03:12:18,195 - INFO - Starting security checks...
2025-01-29 03:12:18,200 - ERROR - Error running npm audit: [WinError 2] The system cannot find the file specified
2025-01-29 03:12:30,620 - INFO - Security checks completed in 0.00 seconds
2025-01-29 03:13:25,900 - INFO - Starting security checks...
2025-01-29 03:13:25,905 - ERROR - Error running npm audit: [WinError 2] The system cannot find the file specified
2025-01-29 03:13:38,164 - INFO - Security checks completed in 0.00 seconds
2025-01-29 03:14:45,025 - INFO - Starting security checks...
2025-01-29 03:14:45,029 - ERROR - Error running npm audit: [WinError 2] The system cannot find the file specified
2025-01-29 03:14:56,846 - INFO - Security checks completed in 0.00 seconds
2025-01-29 03:25:30,558 - INFO - Starting security checks...
2025-01-29 03:25:30,562 - ERROR - Error running npm audit: [WinError 2] The system cannot find the file specified
2025-01-29 03:25:43,455 - INFO - Security checks completed in 0.00 seconds
2025-01-29 03:27:08,293 - INFO - Starting security checks...
2025-01-29 03:27:08,299 - ERROR - Error running npm audit: [WinError 2] The system cannot find the file specified
2025-01-29 03:27:20,578 - INFO - Security checks completed in 0.00 seconds
